[2026-03-17T09:45:47.548Z] POST /api/upload-drawing hit
[2026-03-17T10:47:17.930Z] POST /api/upload-drawing - START
[2026-03-17T10:47:17.957Z] Uploading to Storage: quotations/drawings/ea3201af-68fd-4536-afb8-f0ccdda9613e.pdf
[2026-03-17T10:47:19.943Z] Public URL: https://ecmltjcajtneflsyxuil.supabase.co/storage/v1/object/public/manufacturer-docs/quotations/drawings/ea3201af-68fd-4536-afb8-f0ccdda9613e.pdf
[2026-03-17T10:47:19.945Z] Creating DB record...
[2026-03-17T10:47:20.267Z] Triggering AI Analysis for project ff6a9841-29b4-4e9d-b680-ed5e4e825984...
[2026-03-17T10:47:35.472Z] AI Analysis finished. Saving fallback result...
[2026-03-17T10:47:35.473Z] Updating Supabase with extracted data...
[2026-03-17T10:47:35.875Z] Supabase Update Success.
[2026-03-17T10:47:35.876Z] Returning final response.
[2026-03-17T10:56:30.851Z] POST /api/upload-drawing - START
[2026-03-17T10:56:30.887Z] Uploading to Storage: quotations/drawings/100b2940-002f-4342-a74a-cabcd60567eb.pdf
[2026-03-17T10:56:32.444Z] Public URL: https://ecmltjcajtneflsyxuil.supabase.co/storage/v1/object/public/manufacturer-docs/quotations/drawings/100b2940-002f-4342-a74a-cabcd60567eb.pdf
[2026-03-17T10:56:32.445Z] Creating DB record...
[2026-03-17T10:56:32.632Z] Triggering AI Analysis for project fb14e07d-8bfc-45a9-b281-d31f9ea9b9bf...
[2026-03-17T10:56:44.645Z] AI Analysis finished. Saving fallback result...
[2026-03-17T10:56:44.646Z] Updating Supabase with extracted data...
[2026-03-17T10:56:44.980Z] Supabase Update Success.
[2026-03-17T10:56:44.981Z] Returning final response.
[2026-03-20T08:41:20.123Z] POST /api/upload-drawing - START
[2026-03-20T08:41:20.191Z] Uploading to Storage: quotations/drawings/ba12d141-2cbf-4f58-9c3d-07ad83c3e124.pdf
[2026-03-20T08:41:22.590Z] Public URL: https://ecmltjcajtneflsyxuil.supabase.co/storage/v1/object/public/manufacturer-docs/quotations/drawings/ba12d141-2cbf-4f58-9c3d-07ad83c3e124.pdf
[2026-03-20T08:41:22.592Z] Creating DB record...
[2026-03-20T08:41:22.826Z] Triggering AI Analysis for project ad38bcd4-415f-4f2d-81e3-b972d960eb0b...
[2026-03-20T08:41:44.831Z] AI Analysis finished. Saving fallback result...
[2026-03-20T08:41:44.836Z] Updating Supabase with extracted data...
[2026-03-20T08:41:45.373Z] Supabase Update Success.
[2026-03-20T08:41:45.375Z] Returning final response.
[2026-03-20T09:45:18.825Z] POST /api/upload-drawing - START
[2026-03-20T09:45:19.147Z] Uploading to Storage: quotations/drawings/c31c2615-306b-4ba2-9970-9a1de781a615.pdf
[2026-03-20T09:45:20.719Z] Public URL: https://ecmltjcajtneflsyxuil.supabase.co/storage/v1/object/public/manufacturer-docs/quotations/drawings/c31c2615-306b-4ba2-9970-9a1de781a615.pdf
[2026-03-20T09:45:20.722Z] Creating DB record...
[2026-03-20T09:45:20.962Z] Triggering AI Analysis for project dd7a5593-42ee-4428-89c1-480320d7c275...
[2026-03-20T09:45:36.057Z] AI Analysis finished. Saving fallback result...
[2026-03-20T09:45:36.062Z] Updating Supabase with extracted data...
[2026-03-20T09:45:36.543Z] Supabase Update Success.
[2026-03-20T09:45:36.544Z] Returning final response.
[2026-03-20T11:51:00.072Z] POST /api/upload-drawing - START
[2026-03-20T11:51:00.095Z] Uploading to Storage: quotations/drawings/e2904337-47ee-48a7-bd5c-8bd2c812a9c6.pdf
[2026-03-20T11:51:01.103Z] Public URL: https://ecmltjcajtneflsyxuil.supabase.co/storage/v1/object/public/manufacturer-docs/quotations/drawings/e2904337-47ee-48a7-bd5c-8bd2c812a9c6.pdf
[2026-03-20T11:51:01.104Z] Creating DB record...
[2026-03-20T11:51:01.387Z] Triggering AI Analysis for project 2393a656-3bf9-4382-90a4-ddea13dddc0b...
[2026-03-20T11:51:15.782Z] AI Analysis finished. Saving fallback result...
[2026-03-20T11:51:15.785Z] Updating Supabase with extracted data...
[2026-03-20T11:51:16.232Z] Supabase Update Success.
[2026-03-20T11:51:16.233Z] Returning final response.
[2026-03-20T11:53:25.054Z] POST /api/upload-drawing - START
[2026-03-20T11:53:25.065Z] Uploading to Storage: quotations/drawings/58a79a4a-ea4f-4689-97d2-ed0c2d4514d1.pdf
[2026-03-20T11:53:26.306Z] Public URL: https://ecmltjcajtneflsyxuil.supabase.co/storage/v1/object/public/manufacturer-docs/quotations/drawings/58a79a4a-ea4f-4689-97d2-ed0c2d4514d1.pdf
[2026-03-20T11:53:26.307Z] Creating DB record...
[2026-03-20T11:53:26.485Z] Triggering AI Analysis for project e9a7b77f-8dee-44f7-9fd4-ab06d3ce01b1...
[2026-03-20T11:53:41.302Z] AI Analysis finished. Saving fallback result...
[2026-03-20T11:53:41.304Z] Updating Supabase with extracted data...
[2026-03-20T11:53:41.617Z] Supabase Update Success.
[2026-03-20T11:53:41.619Z] Returning final response.
[2026-03-20T13:56:06.921Z] POST /api/upload-drawing - START
[2026-03-20T13:56:06.948Z] Uploading to Storage: quotations/drawings/0bf60ca2-e6c9-4af6-a604-2c7cb93dce47.pdf
[2026-03-20T13:56:08.383Z] Public URL: https://ecmltjcajtneflsyxuil.supabase.co/storage/v1/object/public/manufacturer-docs/quotations/drawings/0bf60ca2-e6c9-4af6-a604-2c7cb93dce47.pdf
[2026-03-20T13:56:08.384Z] Creating DB record...
[2026-03-20T13:56:08.677Z] Triggering AI Analysis for project 4de4904e-6699-45e5-8b06-b66ac0fed86e...
[2026-03-20T14:05:05.904Z] POST /api/upload-drawing - START
[2026-03-20T14:05:05.923Z] Uploading to Storage: quotations/drawings/2d5ac1dd-a296-4568-8bfe-bc8c2185b0f6.pdf
[2026-03-20T14:05:08.490Z] Public URL: https://ecmltjcajtneflsyxuil.supabase.co/storage/v1/object/public/manufacturer-docs/quotations/drawings/2d5ac1dd-a296-4568-8bfe-bc8c2185b0f6.pdf
[2026-03-20T14:05:08.493Z] Creating DB record...
[2026-03-20T14:05:08.732Z] Triggering AI Analysis for project 11b959cf-50b6-46c1-97b7-cd9c5eb1dff0...
[2026-03-20T14:05:22.679Z] AI Analysis finished. Saving fallback result...
[2026-03-20T14:05:22.680Z] Updating Supabase with extracted data...
[2026-03-20T14:05:23.077Z] Supabase Update Success.
[2026-03-20T14:05:23.077Z] Returning final response.
[2026-03-20T14:58:46.367Z] POST /api/upload-drawing - START
[2026-03-20T14:58:46.386Z] Uploading to Storage: quotations/drawings/820c347d-e22d-4626-84a1-79b9e9069c9c.pdf
[2026-03-20T14:58:47.586Z] Public URL: https://ecmltjcajtneflsyxuil.supabase.co/storage/v1/object/public/manufacturer-docs/quotations/drawings/820c347d-e22d-4626-84a1-79b9e9069c9c.pdf
[2026-03-20T14:58:47.587Z] Creating DB record...
[2026-03-20T14:58:47.808Z] Triggering AI Analysis for project 474055fa-3305-47a8-a948-e6274cd08076...
[2026-03-20T14:59:00.725Z] AI Analysis finished. Saving fallback result...
[2026-03-20T14:59:00.727Z] Updating Supabase with extracted data...
[2026-03-20T14:59:01.127Z] Supabase Update Success.
[2026-03-20T14:59:01.128Z] Returning final response.
[2026-03-20T17:40:34.074Z] POST /api/upload-drawing - START
[2026-03-20T17:40:34.111Z] Uploading to Storage: quotations/drawings/b01bb175-9537-4cd3-b9c1-b64963f2626b.pdf
[2026-03-20T17:40:36.065Z] Public URL: https://ecmltjcajtneflsyxuil.supabase.co/storage/v1/object/public/manufacturer-docs/quotations/drawings/b01bb175-9537-4cd3-b9c1-b64963f2626b.pdf
[2026-03-20T17:40:36.067Z] Creating DB record...
[2026-03-20T17:40:36.340Z] Triggering AI Analysis for project 8cce04c6-05bc-4107-ab42-a88eb5330697...
[2026-03-20T17:40:52.428Z] AI Analysis finished. Saving fallback result...
[2026-03-20T17:40:52.431Z] Updating Supabase with extracted data...
[2026-03-20T17:40:53.387Z] Supabase Update Success.
[2026-03-20T17:40:53.387Z] Returning final response.
[2026-03-20T19:25:19.627Z] POST /api/upload-drawing - START
[2026-03-20T19:25:19.651Z] Uploading to Storage: quotations/drawings/d5345748-e276-4c18-99c8-6d78115affa8.pdf
[2026-03-20T19:25:20.716Z] Public URL: https://ecmltjcajtneflsyxuil.supabase.co/storage/v1/object/public/manufacturer-docs/quotations/drawings/d5345748-e276-4c18-99c8-6d78115affa8.pdf
[2026-03-20T19:25:20.717Z] Creating DB record...
[2026-03-20T19:25:20.985Z] Triggering AI Analysis for project 12846555-a408-4416-96f6-9cf22e83b14e...
[2026-03-20T19:25:35.650Z] AI Analysis finished. Saving fallback result...
[2026-03-20T19:25:35.652Z] Updating Supabase with extracted data...
[2026-03-20T19:25:35.944Z] Supabase Update Success.
[2026-03-20T19:25:35.945Z] Returning final response.
[2026-03-20T19:53:59.380Z] POST /api/upload-drawing - START
[2026-03-20T19:53:59.423Z] Uploading to Storage: quotations/drawings/84af2b8c-5978-4567-bb61-c4346c7d5354.pdf
[2026-03-20T19:54:00.639Z] Public URL: https://ecmltjcajtneflsyxuil.supabase.co/storage/v1/object/public/manufacturer-docs/quotations/drawings/84af2b8c-5978-4567-bb61-c4346c7d5354.pdf
[2026-03-20T19:54:00.640Z] Creating DB record...
[2026-03-20T19:54:00.890Z] Triggering AI Analysis for project 67c4f461-2182-47b4-bf2b-6864c6ba47c1...
[2026-03-20T19:54:20.066Z] AI Analysis finished. Saving fallback result...
[2026-03-20T19:54:20.068Z] Updating Supabase with extracted data...
[2026-03-20T19:54:20.400Z] Supabase Update Success.
[2026-03-20T19:54:20.402Z] Returning final response.
[2026-03-21T10:42:23.218Z] POST /api/upload-drawing - START
[2026-03-21T10:42:24.231Z] Uploading to Storage: quotations/drawings/4308828e-9da7-4e5a-b247-e0b35bc273f1.pdf
[2026-03-21T10:42:28.735Z] Public URL: https://ecmltjcajtneflsyxuil.supabase.co/storage/v1/object/public/manufacturer-docs/quotations/drawings/4308828e-9da7-4e5a-b247-e0b35bc273f1.pdf
[2026-03-21T10:42:28.736Z] Creating DB record...
[2026-03-21T10:42:29.034Z] Triggering AI Analysis for project df297e7a-164b-4c15-87b3-2bd5f8346109...
[2026-03-21T10:42:46.055Z] AI Analysis finished. Saving fallback result...
[2026-03-21T10:42:46.058Z] Updating Supabase with extracted data...
[2026-03-21T10:42:46.612Z] Supabase Update Success.
[2026-03-21T10:42:46.820Z] Returning final response.
[2026-03-21T11:09:43.865Z] POST /api/upload-drawing - START
[2026-03-21T11:09:43.979Z] Uploading to Storage: quotations/drawings/173ccc4f-446c-4c04-af46-9396a57abae3.pdf
[2026-03-21T11:09:45.183Z] Public URL: https://ecmltjcajtneflsyxuil.supabase.co/storage/v1/object/public/manufacturer-docs/quotations/drawings/173ccc4f-446c-4c04-af46-9396a57abae3.pdf
[2026-03-21T11:09:45.184Z] Creating DB record...
[2026-03-21T11:09:45.478Z] Triggering AI Analysis for project 7ee4cf62-8c61-4a18-94ad-3051ac3c7f74...
[2026-03-21T11:10:15.019Z] AI Analysis finished. Saving fallback result...
[2026-03-21T11:10:15.022Z] Updating Supabase with extracted data...
[2026-03-21T11:10:15.368Z] Supabase Update Success.
[2026-03-21T11:10:15.369Z] Returning final response.
[2026-03-21T11:59:05.908Z] POST /api/upload-drawing - START
[2026-03-21T11:59:05.941Z] Uploading to Storage: quotations/drawings/f6aa5589-c7e7-4d8a-9ee4-92419658ae2d.pdf
[2026-03-21T11:59:07.081Z] Public URL: https://ecmltjcajtneflsyxuil.supabase.co/storage/v1/object/public/manufacturer-docs/quotations/drawings/f6aa5589-c7e7-4d8a-9ee4-92419658ae2d.pdf
[2026-03-21T11:59:07.082Z] Creating DB record...
[2026-03-21T11:59:07.245Z] Triggering AI Analysis for project de7ef0d3-be13-4eb9-8d7d-4ce616778b70...
[2026-03-21T11:59:20.487Z] AI Analysis finished. Saving fallback result...
[2026-03-21T11:59:20.490Z] Updating Supabase with extracted data...
[2026-03-21T11:59:20.912Z] Supabase Update Success.
[2026-03-21T11:59:20.914Z] Returning final response.
[2026-03-29T10:48:34.474Z] POST /api/upload-drawing - START
[2026-03-29T10:48:34.491Z] Uploading to Storage: quotations/drawings/f55b8ec2-9918-4853-ae0e-086325b61ccd.pdf
[2026-03-29T10:48:36.084Z] Public URL: https://ecmltjcajtneflsyxuil.supabase.co/storage/v1/object/public/manufacturer-docs/quotations/drawings/f55b8ec2-9918-4853-ae0e-086325b61ccd.pdf
[2026-03-29T10:48:36.085Z] Creating DB record...
[2026-03-29T10:48:36.404Z] Triggering AI Analysis for project 7572fd17-ea1d-40e9-8de2-20f6b811b05f...
[2026-03-29T10:48:53.287Z] AI Analysis finished. Saving fallback result...
[2026-03-29T10:48:53.288Z] Updating Supabase with extracted data...
[2026-03-29T10:48:54.160Z] Supabase Update Success.
[2026-03-29T10:48:54.162Z] Returning final response.
[2026-03-31T05:11:24.114Z] POST /api/upload-drawing - START
[2026-03-31T05:11:24.179Z] Uploading to Storage: quotations/drawings/5db1e164-7469-44fc-91c3-5bdb325aec1a.pdf
[2026-03-31T05:11:25.811Z] Public URL: https://ecmltjcajtneflsyxuil.supabase.co/storage/v1/object/public/manufacturer-docs/quotations/drawings/5db1e164-7469-44fc-91c3-5bdb325aec1a.pdf
[2026-03-31T05:11:25.812Z] Creating DB record...
[2026-03-31T05:11:26.012Z] Triggering AI Analysis for project 5b995668-d942-4e3a-9447-b19a8a7a8877...
[2026-03-31T05:11:38.309Z] AI Analysis finished. Saving fallback result...
[2026-03-31T05:11:38.311Z] Updating Supabase with extracted data...
[2026-03-31T05:11:38.687Z] Supabase Update Success.
[2026-03-31T05:11:38.688Z] Returning final response.
[2026-03-31T05:15:25.152Z] POST /api/upload-drawing - START
[2026-03-31T05:15:25.175Z] Uploading to Storage: quotations/drawings/33455a22-8e01-458f-a99f-efb5d364c9e6.pdf
[2026-03-31T05:15:26.402Z] Public URL: https://ecmltjcajtneflsyxuil.supabase.co/storage/v1/object/public/manufacturer-docs/quotations/drawings/33455a22-8e01-458f-a99f-efb5d364c9e6.pdf
[2026-03-31T05:15:26.403Z] Creating DB record...
[2026-03-31T05:15:26.591Z] Triggering AI Analysis for project f6130a99-43b9-4945-8567-984d49eb74d1...
[2026-03-31T05:15:36.406Z] AI Analysis finished. Saving fallback result...
[2026-03-31T05:15:36.408Z] Updating Supabase with extracted data...
[2026-03-31T05:15:36.707Z] Supabase Update Success.
[2026-03-31T05:15:36.708Z] Returning final response.
[2026-03-31T10:28:20.102Z] POST /api/upload-drawing - START
[2026-03-31T10:28:20.163Z] Uploading to Storage: quotations/drawings/10ba9c11-4bc5-4631-acf9-6c1907997a6b.pdf
[2026-03-31T10:28:22.065Z] Public URL: https://ecmltjcajtneflsyxuil.supabase.co/storage/v1/object/public/manufacturer-docs/quotations/drawings/10ba9c11-4bc5-4631-acf9-6c1907997a6b.pdf
[2026-03-31T10:28:22.067Z] Creating DB record...
[2026-03-31T10:28:22.507Z] Triggering AI Analysis for project d1b01436-65c9-4520-ab25-44d183909541...
[2026-03-31T10:28:38.009Z] AI Analysis finished. Saving fallback result...
[2026-03-31T10:28:38.011Z] Updating Supabase with extracted data...
[2026-03-31T10:28:38.327Z] Supabase Update Success.
[2026-03-31T10:28:38.328Z] Returning final response.
[2026-03-31T10:54:36.574Z] POST /api/upload-drawing - START
[2026-03-31T10:54:36.610Z] Uploading to Storage: quotations/drawings/0e0eec76-892e-4a07-91ec-1767139a2934.pdf
[2026-03-31T10:54:38.124Z] Public URL: https://ecmltjcajtneflsyxuil.supabase.co/storage/v1/object/public/manufacturer-docs/quotations/drawings/0e0eec76-892e-4a07-91ec-1767139a2934.pdf
[2026-03-31T10:54:38.126Z] Creating DB record...
[2026-03-31T10:54:38.511Z] Triggering AI Analysis for project af3e6abc-4585-4fe6-933e-13913cbe3594...
[2026-03-31T10:54:55.481Z] AI Analysis finished. Saving fallback result...
[2026-03-31T10:54:55.496Z] Updating Supabase with extracted data...
[2026-03-31T10:54:55.935Z] Supabase Update Success.
[2026-03-31T10:54:55.937Z] Returning final response.
[2026-03-31T12:37:14.517Z] POST /api/upload-drawing - START
[2026-03-31T12:37:14.539Z] Uploading to Storage: quotations/drawings/32eeeba4-20e1-46a6-9363-85386d255032.pdf
[2026-03-31T12:37:15.786Z] Public URL: https://ecmltjcajtneflsyxuil.supabase.co/storage/v1/object/public/manufacturer-docs/quotations/drawings/32eeeba4-20e1-46a6-9363-85386d255032.pdf
[2026-03-31T12:37:15.788Z] Creating DB record...
[2026-03-31T12:37:16.016Z] Triggering AI Analysis for project 1954ba6d-4908-4e26-93a1-1a04e8bb6b6c...
[2026-03-31T12:37:31.145Z] AI Analysis finished. Saving fallback result...
[2026-03-31T12:37:31.147Z] Updating Supabase with extracted data...
[2026-03-31T12:37:31.529Z] Supabase Update Success.
[2026-03-31T12:37:31.530Z] Returning final response.
[2026-03-31T13:16:26.990Z] POST /api/upload-drawing - START
[2026-03-31T13:16:27.029Z] Uploading to Storage: quotations/drawings/885f3b44-8d16-44a0-bdc4-cad452b1b3e0.pdf
[2026-03-31T13:16:28.370Z] Public URL: https://ecmltjcajtneflsyxuil.supabase.co/storage/v1/object/public/manufacturer-docs/quotations/drawings/885f3b44-8d16-44a0-bdc4-cad452b1b3e0.pdf
[2026-03-31T13:16:28.372Z] Creating DB record...
[2026-03-31T13:16:28.568Z] Triggering AI Analysis for project 2aeff91b-a5f5-419d-adb4-d6c5196b0b78...
[2026-03-31T13:17:14.266Z] AI Analysis finished. Saving fallback result...
[2026-03-31T13:17:14.268Z] Updating Supabase with extracted data...
[2026-03-31T13:17:14.797Z] Supabase Update Success.
[2026-03-31T13:17:14.798Z] Returning final response.
[2026-03-31T14:01:28.539Z] POST /api/upload-drawing - START
[2026-03-31T14:01:28.553Z] Uploading to Storage: quotations/drawings/f15b79f8-b419-4268-ba00-932f8377df2b.pdf
[2026-03-31T14:01:30.363Z] Public URL: https://ecmltjcajtneflsyxuil.supabase.co/storage/v1/object/public/manufacturer-docs/quotations/drawings/f15b79f8-b419-4268-ba00-932f8377df2b.pdf
[2026-03-31T14:01:30.364Z] Creating DB record...
[2026-03-31T14:01:30.521Z] Triggering AI Analysis for project 9631afd1-a77d-459f-98ac-68aa45631108...
[2026-03-31T14:01:45.426Z] AI Analysis finished. Saving fallback result...
[2026-03-31T14:01:45.429Z] Updating Supabase with extracted data...
[2026-03-31T14:01:45.921Z] Supabase Update Success.
[2026-03-31T14:01:45.923Z] Returning final response.
[2026-03-31T14:05:23.928Z] POST /api/upload-drawing - START
[2026-03-31T14:05:23.948Z] Uploading to Storage: quotations/drawings/1b699b27-1b5a-4628-ba45-fd5aadd25ace.pdf
[2026-03-31T14:05:25.276Z] Public URL: https://ecmltjcajtneflsyxuil.supabase.co/storage/v1/object/public/manufacturer-docs/quotations/drawings/1b699b27-1b5a-4628-ba45-fd5aadd25ace.pdf
[2026-03-31T14:05:25.277Z] Creating DB record...
[2026-03-31T14:05:25.559Z] Triggering AI Analysis for project f7aea0b8-8734-470d-9f19-7c7fc2babdb5...
[2026-03-31T14:05:42.002Z] AI Analysis finished. Saving fallback result...
[2026-03-31T14:05:42.005Z] Updating Supabase with extracted data...
[2026-03-31T14:05:42.360Z] Supabase Update Success.
[2026-03-31T14:05:42.361Z] Returning final response.
